<?xml version="1.0" encoding="UTF-8"?>
<testsuite name="RF21RicercaNotifiche" tests="2" skipped="0" failures="0" errors="0" timestamp="2024-01-02T17:31:28" hostname="DESKTOP-PFP63N9" time="0.002">
  <properties/>
  <testcase name="testcontrolloParametriCorretti" classname="RF21RicercaNotifiche" time="0.001"/>
  <testcase name="testcontrolloParametriErrati" classname="RF21RicercaNotifiche" time="0.001"/>
  <system-out><![CDATA[]]></system-out>
  <system-err><![CDATA[]]></system-err>
</testsuite>
