<?xml version="1.0" encoding="UTF-8"?>
<testsuite name="RF04GeneraNotifica" tests="9" skipped="0" failures="0" errors="0" timestamp="2024-01-02T17:31:28" hostname="DESKTOP-PFP63N9" time="0.034">
  <properties/>
  <testcase name="testVerificaCorrettezzaDati1" classname="RF04GeneraNotifica" time="0.009"/>
  <testcase name="testVerificaCorrettezzaDati2" classname="RF04GeneraNotifica" time="0.001"/>
  <testcase name="testVerificaCorrettezzaDati3" classname="RF04GeneraNotifica" time="0.011"/>
  <testcase name="testVerificaCorrettezzaDati4" classname="RF04GeneraNotifica" time="0.0"/>
  <testcase name="testVerificaCorrettezzaDati5" classname="RF04GeneraNotifica" time="0.0"/>
  <testcase name="testGeneraTestoNotifica1" classname="RF04GeneraNotifica" time="0.009"/>
  <testcase name="testGeneraTestoNotifica2" classname="RF04GeneraNotifica" time="0.0"/>
  <testcase name="testGeneraTestoNotifica3" classname="RF04GeneraNotifica" time="0.001"/>
  <testcase name="testGeneraTestoNotifica4" classname="RF04GeneraNotifica" time="0.001"/>
  <system-out><![CDATA[]]></system-out>
  <system-err><![CDATA[]]></system-err>
</testsuite>
