<?xml version="1.0" encoding="UTF-8"?>
<testsuite name="RF18ProdottiInEsaurimento" tests="8" skipped="0" failures="0" errors="0" timestamp="2024-01-02T17:31:28" hostname="DESKTOP-PFP63N9" time="0.01">
  <properties/>
  <testcase name="testControlloGiacenzaValida" classname="RF18ProdottiInEsaurimento" time="0.0"/>
  <testcase name="testControlloGiacenzaNonNumerico" classname="RF18ProdottiInEsaurimento" time="0.001"/>
  <testcase name="testRicercaProdottiConDati" classname="RF18ProdottiInEsaurimento" time="0.004"/>
  <testcase name="testControlloGiacenzaNull" classname="RF18ProdottiInEsaurimento" time="0.0"/>
  <testcase name="testControlloGiacenzaZero" classname="RF18ProdottiInEsaurimento" time="0.0"/>
  <testcase name="testRicercaProdottiNonNull" classname="RF18ProdottiInEsaurimento" time="0.002"/>
  <testcase name="testControlloGiacenzaOverflow1" classname="RF18ProdottiInEsaurimento" time="0.0"/>
  <testcase name="testControlloGiacenzaOverflow2" classname="RF18ProdottiInEsaurimento" time="0.001"/>
  <system-out><![CDATA[DbProdotti: SELECT * FROM Prodotto WHERE Quantita <= 5

DbProdotti: SELECT * FROM Prodotto WHERE Quantita <= -1

]]></system-out>
  <system-err><![CDATA[]]></system-err>
</testsuite>
