<?xml version="1.0" encoding="UTF-8"?>
<testsuite name="RF02CreaUtente" tests="1" skipped="0" failures="0" errors="0" timestamp="2024-01-02T17:31:28" hostname="DESKTOP-PFP63N9" time="0.0">
  <properties/>
  <testcase name="testFormatoNomeCognome" classname="RF02CreaUtente" time="0.0"/>
  <system-out><![CDATA[]]></system-out>
  <system-err><![CDATA[]]></system-err>
</testsuite>
